#
# A fatal error has been detected by the Java Runtime Environment:
#
#  EXCEPTION_ACCESS_VIOLATION (0xc0000005) at pc=0x00007ffc745d65b0, pid=14980, tid=948
#
# JRE version: Java(TM) SE Runtime Environment (17.0+35) (build 17+35-LTS-2724)
# Java VM: Java HotSpot(TM) 64-Bit Server VM (17+35-LTS-2724, mixed mode, sharing, tiered, compressed oops, compressed class ptrs, g1 gc, windows-amd64)
# Problematic frame:
# C  [ntdll.dll+0x265b0]
#
# No core dump will be written. Minidumps are not enabled by default on client versions of Windows
#
# If you would like to submit a bug report, please visit:
#   https://bugreport.java.com/bugreport/crash.jsp
#

---------------  S U M M A R Y ------------

Command Line: -Dmaven.multiModuleProjectDirectory=C:\Users\Carlos\Desktop\GasApp-Backend\GasApp -Dmaven.home=C:\Program Files\JetBrains\IntelliJ IDEA Community Edition 2021.2.2\plugins\maven\lib\maven3 -Dclassworlds.conf=C:\Program Files\JetBrains\IntelliJ IDEA Community Edition 2021.2.2\plugins\maven\lib\maven3\bin\m2.conf -Dmaven.ext.class.path=C:\Program Files\JetBrains\IntelliJ IDEA Community Edition 2021.2.2\plugins\maven\lib\maven-event-listener.jar -javaagent:C:\Program Files\JetBrains\IntelliJ IDEA Community Edition 2021.2.2\lib\idea_rt.jar=51854:C:\Program Files\JetBrains\IntelliJ IDEA Community Edition 2021.2.2\bin -Dfile.encoding=UTF-8 org.codehaus.classworlds.Launcher -Didea.version=2021.2.2 org.springframework.boot:spring-boot-maven-plugin:2.6.1:run

Host: Intel(R) Core(TM) i5-9400F CPU @ 2.90GHz, 6 cores, 15G,  Windows 10 , 64 bit Build 19041 (10.0.19041.1348)
Time: Wed Dec 15 17:49:08 2021 Hora estándar romance elapsed time: 0.665226 seconds (0d 0h 0m 0s)

---------------  T H R E A D  ---------------

Current thread (0x0000013e2e871ed0):  JavaThread "C2 CompilerThread0" daemon [_thread_in_native, id=948, stack(0x00000037d3d00000,0x00000037d3e00000)]


Current CompileTask:
C2:    665 1073       4       java.io.Reader::read (21 bytes)

Stack: [0x00000037d3d00000,0x00000037d3e00000],  sp=0x00000037d3dfb780,  free space=1005k
Native frames: (J=compiled Java code, j=interpreted, Vv=VM code, C=native code)
C  [ntdll.dll+0x265b0]
C  [ntdll.dll+0x25b74]
C  [ntdll.dll+0x247b1]
C  [ucrtbase.dll+0xf05b]
V  [jvm.dll+0xaa319]
V  [jvm.dll+0xaa831]
V  [jvm.dll+0x32a0e4]
V  [jvm.dll+0x32940a]
V  [jvm.dll+0x215ca1]
V  [jvm.dll+0x2150c1]
V  [jvm.dll+0x1a168d]
V  [jvm.dll+0x2248f8]
V  [jvm.dll+0x222a5c]
V  [jvm.dll+0x78422b]
V  [jvm.dll+0x77e7ea]
V  [jvm.dll+0x66e715]
C  [ucrtbase.dll+0x21bb2]
C  [KERNEL32.DLL+0x17034]
C  [ntdll.dll+0x52651]


siginfo: EXCEPTION_ACCESS_VIOLATION (0xc0000005), writing address 0x0000013e30507fcc


Register to memory mapping:

RIP=0x00007ffc745d65b0 ntdll.dll
RAX=0x0000000000003b65 is an unknown value
RBX=0x0000013e09d40000 points into unknown readable memory: 0x0000000000000000 | 00 00 00 00 00 00 00 00
RCX=0x0000000000009b48 is an unknown value
RDX=0x0000000000013690 is an unknown value
RSP=0x00000037d3dfb780 is pointing into the stack for thread: 0x0000013e2e871ed0
RBP=0x0 is NULL
RSI=0x0000013e3046cb40 points into unknown readable memory: 0x0000000000000000 | 00 00 00 00 00 00 00 00
RDI=0x0000000000000149 is an unknown value
R8 =0x00000000fffffdff is an unknown value
R9 =0x0000013e30506b40 points into unknown readable memory: 0x0000013e2ffc4170 | 70 41 fc 2f 3e 01 00 00
R10=0x0000013e09d40000 points into unknown readable memory: 0x0000000000000000 | 00 00 00 00 00 00 00 00
R11=0x0000000000000201 is an unknown value
R12=0x0000013e2fdb25c0 points into unknown readable memory: 0x000000747865742e | 2e 74 65 78 74 00 00 00
R13=0x0 is NULL
R14=0x0000013e30506b30 points into unknown readable memory: 0x0000000000000000 | 00 00 00 00 00 00 00 00
R15=0x0000013e2ffc4170 points into unknown readable memory: 0x0000013e2f5a16d0 | d0 16 5a 2f 3e 01 00 00


Registers:
RAX=0x0000000000003b65, RBX=0x0000013e09d40000, RCX=0x0000000000009b48, RDX=0x0000000000013690
RSP=0x00000037d3dfb780, RBP=0x0000000000000000, RSI=0x0000013e3046cb40, RDI=0x0000000000000149
R8 =0x00000000fffffdff, R9 =0x0000013e30506b40, R10=0x0000013e09d40000, R11=0x0000000000000201
R12=0x0000013e2fdb25c0, R13=0x0000000000000000, R14=0x0000013e30506b30, R15=0x0000013e2ffc4170
RIP=0x00007ffc745d65b0, EFLAGS=0x0000000000010206

Top of Stack: (sp=0x00000037d3dfb780)
0x00000037d3dfb780:   0000013e09d40000 0000000000000000
0x00000037d3dfb790:   0000013e3046cb40 0000000000000149
0x00000037d3dfb7a0:   0000003700000149 0000000000000149
0x00000037d3dfb7b0:   0000013e2ff41000 0000000000000080
0x00000037d3dfb7c0:   00000000d3df0101 0000000000000000
0x00000037d3dfb7d0:   0000000000009b48 0000013e2f8624a8
0x00000037d3dfb7e0:   0000013e2f8624a8 00007ffc1e93c9ae
0x00000037d3dfb7f0:   000000012ff476e0 0000013e2ff476e0
0x00000037d3dfb800:   0000013e2f8624a8 0000000000000000
0x00000037d3dfb810:   0000013e2ff476e0 00007ffc1e353f95
0x00000037d3dfb820:   0000000000000006 00000000000003ff
0x00000037d3dfb830:   0000000000000000 0000013e3046cb40
0x00000037d3dfb840:   0000013e2ff476e0 00007ffc1e82d935
0x00000037d3dfb850:   0000000000000149 0000000000000000
0x00000037d3dfb860:   0000000000000000 0000000000000000
0x00000037d3dfb870:   00000000000003e7 00007ffc1e82b8cf 

Instructions: (pc=0x00007ffc745d65b0)
0x00007ffc745d64b0:   0f b7 46 08 41 b1 01 49 8b d6 48 8b cb e8 16 7e
0x00007ffc745d64c0:   ff ff 33 ff e9 5c 01 00 00 48 8b d0 e9 af fe ff
0x00007ffc745d64d0:   ff 41 0f b6 46 0a a8 04 0f 84 9f 00 00 00 41 0f
0x00007ffc745d64e0:   b7 7e 08 48 c1 e7 04 48 83 ef 20 48 89 bc 24 d8
0x00007ffc745d64f0:   00 00 00 a8 02 74 12 48 83 ff 04 76 0c 48 83 ef
0x00007ffc745d6500:   04 48 89 bc 24 d8 00 00 00 49 8d 4e 20 41 b8 ee
0x00007ffc745d6510:   fe ee fe 48 8b d7 e8 25 b2 07 00 4c 8b f8 48 3b
0x00007ffc745d6520:   c7 74 5a 65 48 8b 14 25 60 00 00 00 48 83 7a 18
0x00007ffc745d6530:   00 74 23 65 48 8b 14 25 60 00 00 00 48 8b 52 18
0x00007ffc745d6540:   48 8b 52 10 48 83 c2 58 48 8d 0d f1 9f 0f 00 e8
0x00007ffc745d6550:   0c a4 02 00 eb 0c 48 8d 0d ef 9f 0f 00 e8 fe a3
0x00007ffc745d6560:   02 00 4d 8d 46 20 4d 03 c7 49 8b d6 48 8d 0d 8d
0x00007ffc745d6570:   9f 0f 00 e8 e8 a3 02 00 e8 cf 3c 0d 00 c6 46 0a
0x00007ffc745d6580:   00 c6 46 0f 00 41 0f b7 46 08 48 8b 4c 24 50 48
0x00007ffc745d6590:   03 c8 48 89 4c 24 50 66 89 4e 08 48 8b 4c 24 50
0x00007ffc745d65a0:   48 8b d1 48 03 d2 0f b7 83 8c 00 00 00 66 33 c1
0x00007ffc745d65b0:   66 89 44 d6 0c 4c 8b 44 24 50 48 89 b4 24 c0 01
0x00007ffc745d65c0:   00 00 44 0f b6 64 24 41 45 33 ed 4c 3b 83 b0 00
0x00007ffc745d65d0:   00 00 72 56 48 8b 83 c0 00 00 00 49 8d 0c 00 48
0x00007ffc745d65e0:   3b 8b b8 00 00 00 72 42 45 33 c9 48 8b d6 48 8b
0x00007ffc745d65f0:   cb e8 e2 7c ff ff 41 b8 ff ff ff ff bf 00 01 00
0x00007ffc745d6600:   00 4c 89 ac 24 c0 01 00 00 e9 5b 0a 00 00 48 89
0x00007ffc745d6610:   7c 24 28 48 89 44 24 20 48 8b d3 b9 0d 00 00 00
0x00007ffc745d6620:   e8 e7 77 0e 00 e9 bb fa ff ff 48 8b 83 c0 00 00
0x00007ffc745d6630:   00 49 8d 0c 00 48 3b 8b b8 00 00 00 76 3e bf 00
0x00007ffc745d6640:   01 00 00 4c 3b c7 72 34 0f b7 46 0c 66 39 83 8c
0x00007ffc745d6650:   00 00 00 75 27 45 33 c9 48 8b d6 48 8b cb e8 75
0x00007ffc745d6660:   7c ff ff 66 44 89 6c 24 44 41 b8 ff ff ff ff 4c
0x00007ffc745d6670:   89 ac 24 c0 01 00 00 e9 ed 09 00 00 49 81 f8 00
0x00007ffc745d6680:   ff 00 00 0f 87 90 06 00 00 45 84 e4 0f 84 d6 04
0x00007ffc745d6690:   00 00 41 0f b7 d0 48 89 54 24 60 c6 46 0a 00 c6
0x00007ffc745d66a0:   46 0f 00 48 8d 83 50 01 00 00 4c 8b ab 38 01 00 


Stack slot to memory mapping:
stack at sp + 0 slots: 0x0000013e09d40000 points into unknown readable memory: 0x0000000000000000 | 00 00 00 00 00 00 00 00
stack at sp + 1 slots: 0x0 is NULL
stack at sp + 2 slots: 0x0000013e3046cb40 points into unknown readable memory: 0x0000000000000000 | 00 00 00 00 00 00 00 00
stack at sp + 3 slots: 0x0000000000000149 is an unknown value
stack at sp + 4 slots: 0x0000003700000149 is an unknown value
stack at sp + 5 slots: 0x0000000000000149 is an unknown value
stack at sp + 6 slots: 0x0000013e2ff41000 points into unknown readable memory: 0x0000013e2fbde010 | 10 e0 bd 2f 3e 01 00 00
stack at sp + 7 slots: 0x0000000000000080 is an unknown value


---------------  P R O C E S S  ---------------

Threads class SMR info:
_java_thread_list=0x0000013e2f5905b0, length=14, elements={
0x0000013e0bf5e8e0, 0x0000013e2e85b6f0, 0x0000013e2e85c560, 0x0000013e2e86d1d0,
0x0000013e2e86dd80, 0x0000013e2e870840, 0x0000013e2e8711f0, 0x0000013e2e871ed0,
0x0000013e2e87c8e0, 0x0000013e2e881be0, 0x0000013e2e843150, 0x0000013e2f57e600,
0x0000013e2f57ead0, 0x0000013e2f64d930
}

Java Threads: ( => current thread )
  0x0000013e0bf5e8e0 JavaThread "main" [_thread_in_native, id=1356, stack(0x00000037d3000000,0x00000037d3100000)]
  0x0000013e2e85b6f0 JavaThread "Reference Handler" daemon [_thread_blocked, id=376, stack(0x00000037d3700000,0x00000037d3800000)]
  0x0000013e2e85c560 JavaThread "Finalizer" daemon [_thread_blocked, id=10712, stack(0x00000037d3800000,0x00000037d3900000)]
  0x0000013e2e86d1d0 JavaThread "Signal Dispatcher" daemon [_thread_blocked, id=1720, stack(0x00000037d3900000,0x00000037d3a00000)]
  0x0000013e2e86dd80 JavaThread "Attach Listener" daemon [_thread_blocked, id=4284, stack(0x00000037d3a00000,0x00000037d3b00000)]
  0x0000013e2e870840 JavaThread "Service Thread" daemon [_thread_blocked, id=12856, stack(0x00000037d3b00000,0x00000037d3c00000)]
  0x0000013e2e8711f0 JavaThread "Monitor Deflation Thread" daemon [_thread_blocked, id=2904, stack(0x00000037d3c00000,0x00000037d3d00000)]
=>0x0000013e2e871ed0 JavaThread "C2 CompilerThread0" daemon [_thread_in_native, id=948, stack(0x00000037d3d00000,0x00000037d3e00000)]
  0x0000013e2e87c8e0 JavaThread "C1 CompilerThread0" daemon [_thread_in_native, id=9028, stack(0x00000037d3e00000,0x00000037d3f00000)]
  0x0000013e2e881be0 JavaThread "Sweeper thread" daemon [_thread_blocked, id=7648, stack(0x00000037d3f00000,0x00000037d4000000)]
  0x0000013e2e843150 JavaThread "Common-Cleaner" daemon [_thread_blocked, id=10996, stack(0x00000037d4000000,0x00000037d4100000)]
  0x0000013e2f57e600 JavaThread "Monitor Ctrl-Break" daemon [_thread_in_native, id=9352, stack(0x00000037d4100000,0x00000037d4200000)]
  0x0000013e2f57ead0 JavaThread "Notification Thread" daemon [_thread_blocked, id=14196, stack(0x00000037d4200000,0x00000037d4300000)]
  0x0000013e2f64d930 JavaThread "C2 CompilerThread1" daemon [_thread_in_native, id=9044, stack(0x00000037d4400000,0x00000037d4500000)]

Other Threads:
  0x0000013e2e854220 VMThread "VM Thread" [stack: 0x00000037d3600000,0x00000037d3700000] [id=9836]
  0x0000013e2f58f3e0 WatcherThread [stack: 0x00000037d4300000,0x00000037d4400000] [id=11288]
  0x0000013e0bface60 GCTaskThread "GC Thread#0" [stack: 0x00000037d3100000,0x00000037d3200000] [id=13224]
  0x0000013e2fff7820 GCTaskThread "GC Thread#1" [stack: 0x00000037d4500000,0x00000037d4600000] [id=12928]
  0x0000013e2ff71350 GCTaskThread "GC Thread#2" [stack: 0x00000037d4600000,0x00000037d4700000] [id=4972]
  0x0000013e2ff720c0 GCTaskThread "GC Thread#3" [stack: 0x00000037d4700000,0x00000037d4800000] [id=2208]
  0x0000013e2ff70890 GCTaskThread "GC Thread#4" [stack: 0x00000037d4800000,0x00000037d4900000] [id=7436]
  0x0000013e2ff718b0 GCTaskThread "GC Thread#5" [stack: 0x00000037d4900000,0x00000037d4a00000] [id=3052]
  0x0000013e0bfbdcb0 ConcurrentGCThread "G1 Main Marker" [stack: 0x00000037d3200000,0x00000037d3300000] [id=7304]
  0x0000013e0bfbe6c0 ConcurrentGCThread "G1 Conc#0" [stack: 0x00000037d3300000,0x00000037d3400000] [id=2864]
  0x0000013e2e7130e0 ConcurrentGCThread "G1 Refine#0" [stack: 0x00000037d3400000,0x00000037d3500000] [id=7980]
  0x0000013e2e713b00 ConcurrentGCThread "G1 Service" [stack: 0x00000037d3500000,0x00000037d3600000] [id=13852]

Threads with active compile tasks:
C2 CompilerThread0      744 1073       4       java.io.Reader::read (21 bytes)
C1 CompilerThread0      744 1176       3       java.nio.charset.CharsetDecoder::flush (49 bytes)
C2 CompilerThread1      744 1077   !   4       sun.nio.cs.StreamDecoder::read0 (116 bytes)

VM state: not at safepoint (normal execution)

VM Mutex/Monitor currently owned by a thread: None

Heap address: 0x0000000700e00000, size: 4082 MB, Compressed Oops mode: Zero based, Oop shift amount: 3

CDS archive(s) mapped at: [0x0000000800000000-0x0000000800bc0000-0x0000000800bc0000), size 12320768, SharedBaseAddress: 0x0000000800000000, ArchiveRelocationMode: 0.
Compressed class space mapped at: 0x0000000800c00000-0x0000000840c00000, reserved size: 1073741824
Narrow klass base: 0x0000000800000000, Narrow klass shift: 0, Narrow klass range: 0x100000000

GC Precious Log:
 CPUs: 6 total, 6 available
 Memory: 16326M
 Large Page Support: Disabled
 NUMA Support: Disabled
 Compressed Oops: Enabled (Zero based)
 Heap Region Size: 2M
 Heap Min Capacity: 8M
 Heap Initial Capacity: 256M
 Heap Max Capacity: 4082M
 Pre-touch: Disabled
 Parallel Workers: 6
 Concurrent Workers: 2
 Concurrent Refinement Workers: 6
 Periodic GC: Disabled

Heap:
 garbage-first heap   total 262144K, used 9940K [0x0000000700e00000, 0x0000000800000000)
  region size 2048K, 6 young (12288K), 2 survivors (4096K)
 Metaspace       used 5977K, committed 6144K, reserved 1056768K
  class space    used 696K, committed 768K, reserved 1048576K

Heap Regions: E=young(eden), S=young(survivor), O=old, HS=humongous(starts), HC=humongous(continues), CS=collection set, F=free, OA=open archive, CA=closed archive, TAMS=top-at-mark-start (previous, next)
|   0|0x0000000700e00000, 0x0000000700e00000, 0x0000000701000000|  0%| F|  |TAMS 0x0000000700e00000, 0x0000000700e00000| Untracked 
|   1|0x0000000701000000, 0x0000000701000000, 0x0000000701200000|  0%| F|  |TAMS 0x0000000701000000, 0x0000000701000000| Untracked 
|   2|0x0000000701200000, 0x0000000701200000, 0x0000000701400000|  0%| F|  |TAMS 0x0000000701200000, 0x0000000701200000| Untracked 
|   3|0x0000000701400000, 0x0000000701400000, 0x0000000701600000|  0%| F|  |TAMS 0x0000000701400000, 0x0000000701400000| Untracked 
|   4|0x0000000701600000, 0x0000000701600000, 0x0000000701800000|  0%| F|  |TAMS 0x0000000701600000, 0x0000000701600000| Untracked 
|   5|0x0000000701800000, 0x0000000701800000, 0x0000000701a00000|  0%| F|  |TAMS 0x0000000701800000, 0x0000000701800000| Untracked 
|   6|0x0000000701a00000, 0x0000000701a00000, 0x0000000701c00000|  0%| F|  |TAMS 0x0000000701a00000, 0x0000000701a00000| Untracked 
|   7|0x0000000701c00000, 0x0000000701c00000, 0x0000000701e00000|  0%| F|  |TAMS 0x0000000701c00000, 0x0000000701c00000| Untracked 
|   8|0x0000000701e00000, 0x0000000701e00000, 0x0000000702000000|  0%| F|  |TAMS 0x0000000701e00000, 0x0000000701e00000| Untracked 
|   9|0x0000000702000000, 0x0000000702000000, 0x0000000702200000|  0%| F|  |TAMS 0x0000000702000000, 0x0000000702000000| Untracked 
|  10|0x0000000702200000, 0x0000000702200000, 0x0000000702400000|  0%| F|  |TAMS 0x0000000702200000, 0x0000000702200000| Untracked 
|  11|0x0000000702400000, 0x0000000702400000, 0x0000000702600000|  0%| F|  |TAMS 0x0000000702400000, 0x0000000702400000| Untracked 
|  12|0x0000000702600000, 0x0000000702600000, 0x0000000702800000|  0%| F|  |TAMS 0x0000000702600000, 0x0000000702600000| Untracked 
|  13|0x0000000702800000, 0x0000000702800000, 0x0000000702a00000|  0%| F|  |TAMS 0x0000000702800000, 0x0000000702800000| Untracked 
|  14|0x0000000702a00000, 0x0000000702a00000, 0x0000000702c00000|  0%| F|  |TAMS 0x0000000702a00000, 0x0000000702a00000| Untracked 
|  15|0x0000000702c00000, 0x0000000702c00000, 0x0000000702e00000|  0%| F|  |TAMS 0x0000000702c00000, 0x0000000702c00000| Untracked 
|  16|0x0000000702e00000, 0x0000000702e00000, 0x0000000703000000|  0%| F|  |TAMS 0x0000000702e00000, 0x0000000702e00000| Untracked 
|  17|0x0000000703000000, 0x0000000703000000, 0x0000000703200000|  0%| F|  |TAMS 0x0000000703000000, 0x0000000703000000| Untracked 
|  18|0x0000000703200000, 0x0000000703200000, 0x0000000703400000|  0%| F|  |TAMS 0x0000000703200000, 0x0000000703200000| Untracked 
|  19|0x0000000703400000, 0x0000000703400000, 0x0000000703600000|  0%| F|  |TAMS 0x0000000703400000, 0x0000000703400000| Untracked 
|  20|0x0000000703600000, 0x0000000703600000, 0x0000000703800000|  0%| F|  |TAMS 0x0000000703600000, 0x0000000703600000| Untracked 
|  21|0x0000000703800000, 0x0000000703800000, 0x0000000703a00000|  0%| F|  |TAMS 0x0000000703800000, 0x0000000703800000| Untracked 
|  22|0x0000000703a00000, 0x0000000703a00000, 0x0000000703c00000|  0%| F|  |TAMS 0x0000000703a00000, 0x0000000703a00000| Untracked 
|  23|0x0000000703c00000, 0x0000000703c00000, 0x0000000703e00000|  0%| F|  |TAMS 0x0000000703c00000, 0x0000000703c00000| Untracked 
|  24|0x0000000703e00000, 0x0000000703e00000, 0x0000000704000000|  0%| F|  |TAMS 0x0000000703e00000, 0x0000000703e00000| Untracked 
|  25|0x0000000704000000, 0x0000000704000000, 0x0000000704200000|  0%| F|  |TAMS 0x0000000704000000, 0x0000000704000000| Untracked 
|  26|0x0000000704200000, 0x0000000704200000, 0x0000000704400000|  0%| F|  |TAMS 0x0000000704200000, 0x0000000704200000| Untracked 
|  27|0x0000000704400000, 0x0000000704400000, 0x0000000704600000|  0%| F|  |TAMS 0x0000000704400000, 0x0000000704400000| Untracked 
|  28|0x0000000704600000, 0x0000000704600000, 0x0000000704800000|  0%| F|  |TAMS 0x0000000704600000, 0x0000000704600000| Untracked 
|  29|0x0000000704800000, 0x0000000704800000, 0x0000000704a00000|  0%| F|  |TAMS 0x0000000704800000, 0x0000000704800000| Untracked 
|  30|0x0000000704a00000, 0x0000000704a00000, 0x0000000704c00000|  0%| F|  |TAMS 0x0000000704a00000, 0x0000000704a00000| Untracked 
|  31|0x0000000704c00000, 0x0000000704c00000, 0x0000000704e00000|  0%| F|  |TAMS 0x0000000704c00000, 0x0000000704c00000| Untracked 
|  32|0x0000000704e00000, 0x0000000704e00000, 0x0000000705000000|  0%| F|  |TAMS 0x0000000704e00000, 0x0000000704e00000| Untracked 
|  33|0x0000000705000000, 0x0000000705000000, 0x0000000705200000|  0%| F|  |TAMS 0x0000000705000000, 0x0000000705000000| Untracked 
|  34|0x0000000705200000, 0x0000000705200000, 0x0000000705400000|  0%| F|  |TAMS 0x0000000705200000, 0x0000000705200000| Untracked 
|  35|0x0000000705400000, 0x0000000705400000, 0x0000000705600000|  0%| F|  |TAMS 0x0000000705400000, 0x0000000705400000| Untracked 
|  36|0x0000000705600000, 0x0000000705600000, 0x0000000705800000|  0%| F|  |TAMS 0x0000000705600000, 0x0000000705600000| Untracked 
|  37|0x0000000705800000, 0x0000000705800000, 0x0000000705a00000|  0%| F|  |TAMS 0x0000000705800000, 0x0000000705800000| Untracked 
|  38|0x0000000705a00000, 0x0000000705a00000, 0x0000000705c00000|  0%| F|  |TAMS 0x0000000705a00000, 0x0000000705a00000| Untracked 
|  39|0x0000000705c00000, 0x0000000705c00000, 0x0000000705e00000|  0%| F|  |TAMS 0x0000000705c00000, 0x0000000705c00000| Untracked 
|  40|0x0000000705e00000, 0x0000000705e00000, 0x0000000706000000|  0%| F|  |TAMS 0x0000000705e00000, 0x0000000705e00000| Untracked 
|  41|0x0000000706000000, 0x0000000706000000, 0x0000000706200000|  0%| F|  |TAMS 0x0000000706000000, 0x0000000706000000| Untracked 
|  42|0x0000000706200000, 0x0000000706200000, 0x0000000706400000|  0%| F|  |TAMS 0x0000000706200000, 0x0000000706200000| Untracked 
|  43|0x0000000706400000, 0x0000000706400000, 0x0000000706600000|  0%| F|  |TAMS 0x0000000706400000, 0x0000000706400000| Untracked 
|  44|0x0000000706600000, 0x0000000706600000, 0x0000000706800000|  0%| F|  |TAMS 0x0000000706600000, 0x0000000706600000| Untracked 
|  45|0x0000000706800000, 0x0000000706800000, 0x0000000706a00000|  0%| F|  |TAMS 0x0000000706800000, 0x0000000706800000| Untracked 
|  46|0x0000000706a00000, 0x0000000706a00000, 0x0000000706c00000|  0%| F|  |TAMS 0x0000000706a00000, 0x0000000706a00000| Untracked 
|  47|0x0000000706c00000, 0x0000000706c00000, 0x0000000706e00000|  0%| F|  |TAMS 0x0000000706c00000, 0x0000000706c00000| Untracked 
|  48|0x0000000706e00000, 0x0000000706e00000, 0x0000000707000000|  0%| F|  |TAMS 0x0000000706e00000, 0x0000000706e00000| Untracked 
|  49|0x0000000707000000, 0x0000000707000000, 0x0000000707200000|  0%| F|  |TAMS 0x0000000707000000, 0x0000000707000000| Untracked 
|  50|0x0000000707200000, 0x0000000707200000, 0x0000000707400000|  0%| F|  |TAMS 0x0000000707200000, 0x0000000707200000| Untracked 
|  51|0x0000000707400000, 0x0000000707400000, 0x0000000707600000|  0%| F|  |TAMS 0x0000000707400000, 0x0000000707400000| Untracked 
|  52|0x0000000707600000, 0x0000000707600000, 0x0000000707800000|  0%| F|  |TAMS 0x0000000707600000, 0x0000000707600000| Untracked 
|  53|0x0000000707800000, 0x0000000707800000, 0x0000000707a00000|  0%| F|  |TAMS 0x0000000707800000, 0x0000000707800000| Untracked 
|  54|0x0000000707a00000, 0x0000000707a00000, 0x0000000707c00000|  0%| F|  |TAMS 0x0000000707a00000, 0x0000000707a00000| Untracked 
|  55|0x0000000707c00000, 0x0000000707c00000, 0x0000000707e00000|  0%| F|  |TAMS 0x0000000707c00000, 0x0000000707c00000| Untracked 
|  56|0x0000000707e00000, 0x0000000707e00000, 0x0000000708000000|  0%| F|  |TAMS 0x0000000707e00000, 0x0000000707e00000| Untracked 
|  57|0x0000000708000000, 0x0000000708000000, 0x0000000708200000|  0%| F|  |TAMS 0x0000000708000000, 0x0000000708000000| Untracked 
|  58|0x0000000708200000, 0x0000000708200000, 0x0000000708400000|  0%| F|  |TAMS 0x0000000708200000, 0x0000000708200000| Untracked 
|  59|0x0000000708400000, 0x0000000708400000, 0x0000000708600000|  0%| F|  |TAMS 0x0000000708400000, 0x0000000708400000| Untracked 
|  60|0x0000000708600000, 0x0000000708600000, 0x0000000708800000|  0%| F|  |TAMS 0x0000000708600000, 0x0000000708600000| Untracked 
|  61|0x0000000708800000, 0x0000000708800000, 0x0000000708a00000|  0%| F|  |TAMS 0x0000000708800000, 0x0000000708800000| Untracked 
|  62|0x0000000708a00000, 0x0000000708a00000, 0x0000000708c00000|  0%| F|  |TAMS 0x0000000708a00000, 0x0000000708a00000| Untracked 
|  63|0x0000000708c00000, 0x0000000708c00000, 0x0000000708e00000|  0%| F|  |TAMS 0x0000000708c00000, 0x0000000708c00000| Untracked 
|  64|0x0000000708e00000, 0x0000000708e00000, 0x0000000709000000|  0%| F|  |TAMS 0x0000000708e00000, 0x0000000708e00000| Untracked 
|  65|0x0000000709000000, 0x0000000709000000, 0x0000000709200000|  0%| F|  |TAMS 0x0000000709000000, 0x0000000709000000| Untracked 
|  66|0x0000000709200000, 0x0000000709200000, 0x0000000709400000|  0%| F|  |TAMS 0x0000000709200000, 0x0000000709200000| Untracked 
|  67|0x0000000709400000, 0x0000000709400000, 0x0000000709600000|  0%| F|  |TAMS 0x0000000709400000, 0x0000000709400000| Untracked 
|  68|0x0000000709600000, 0x0000000709600000, 0x0000000709800000|  0%| F|  |TAMS 0x0000000709600000, 0x0000000709600000| Untracked 
|  69|0x0000000709800000, 0x0000000709800000, 0x0000000709a00000|  0%| F|  |TAMS 0x0000000709800000, 0x0000000709800000| Untracked 
|  70|0x0000000709a00000, 0x0000000709a00000, 0x0000000709c00000|  0%| F|  |TAMS 0x0000000709a00000, 0x0000000709a00000| Untracked 
|  71|0x0000000709c00000, 0x0000000709c00000, 0x0000000709e00000|  0%| F|  |TAMS 0x0000000709c00000, 0x0000000709c00000| Untracked 
|  72|0x0000000709e00000, 0x0000000709e00000, 0x000000070a000000|  0%| F|  |TAMS 0x0000000709e00000, 0x0000000709e00000| Untracked 
|  73|0x000000070a000000, 0x000000070a000000, 0x000000070a200000|  0%| F|  |TAMS 0x000000070a000000, 0x000000070a000000| Untracked 
|  74|0x000000070a200000, 0x000000070a200000, 0x000000070a400000|  0%| F|  |TAMS 0x000000070a200000, 0x000000070a200000| Untracked 
|  75|0x000000070a400000, 0x000000070a400000, 0x000000070a600000|  0%| F|  |TAMS 0x000000070a400000, 0x000000070a400000| Untracked 
|  76|0x000000070a600000, 0x000000070a600000, 0x000000070a800000|  0%| F|  |TAMS 0x000000070a600000, 0x000000070a600000| Untracked 
|  77|0x000000070a800000, 0x000000070a800000, 0x000000070aa00000|  0%| F|  |TAMS 0x000000070a800000, 0x000000070a800000| Untracked 
|  78|0x000000070aa00000, 0x000000070aa00000, 0x000000070ac00000|  0%| F|  |TAMS 0x000000070aa00000, 0x000000070aa00000| Untracked 
|  79|0x000000070ac00000, 0x000000070ac00000, 0x000000070ae00000|  0%| F|  |TAMS 0x000000070ac00000, 0x000000070ac00000| Untracked 
|  80|0x000000070ae00000, 0x000000070ae00000, 0x000000070b000000|  0%| F|  |TAMS 0x000000070ae00000, 0x000000070ae00000| Untracked 
|  81|0x000000070b000000, 0x000000070b000000, 0x000000070b200000|  0%| F|  |TAMS 0x000000070b000000, 0x000000070b000000| Untracked 
|  82|0x000000070b200000, 0x000000070b200000, 0x000000070b400000|  0%| F|  |TAMS 0x000000070b200000, 0x000000070b200000| Untracked 
|  83|0x000000070b400000, 0x000000070b400000, 0x000000070b600000|  0%| F|  |TAMS 0x000000070b400000, 0x000000070b400000| Untracked 
|  84|0x000000070b600000, 0x000000070b600000, 0x000000070b800000|  0%| F|  |TAMS 0x000000070b600000, 0x000000070b600000| Untracked 
|  85|0x000000070b800000, 0x000000070b800000, 0x000000070ba00000|  0%| F|  |TAMS 0x000000070b800000, 0x000000070b800000| Untracked 
|  86|0x000000070ba00000, 0x000000070ba00000, 0x000000070bc00000|  0%| F|  |TAMS 0x000000070ba00000, 0x000000070ba00000| Untracked 
|  87|0x000000070bc00000, 0x000000070bc00000, 0x000000070be00000|  0%| F|  |TAMS 0x000000070bc00000, 0x000000070bc00000| Untracked 
|  88|0x000000070be00000, 0x000000070be00000, 0x000000070c000000|  0%| F|  |TAMS 0x000000070be00000, 0x000000070be00000| Untracked 
|  89|0x000000070c000000, 0x000000070c000000, 0x000000070c200000|  0%| F|  |TAMS 0x000000070c000000, 0x000000070c000000| Untracked 
|  90|0x000000070c200000, 0x000000070c200000, 0x000000070c400000|  0%| F|  |TAMS 0x000000070c200000, 0x000000070c200000| Untracked 
|  91|0x000000070c400000, 0x000000070c400000, 0x000000070c600000|  0%| F|  |TAMS 0x000000070c400000, 0x000000070c400000| Untracked 
|  92|0x000000070c600000, 0x000000070c600000, 0x000000070c800000|  0%| F|  |TAMS 0x000000070c600000, 0x000000070c600000| Untracked 
|  93|0x000000070c800000, 0x000000070c800000, 0x000000070ca00000|  0%| F|  |TAMS 0x000000070c800000, 0x000000070c800000| Untracked 
|  94|0x000000070ca00000, 0x000000070ca00000, 0x000000070cc00000|  0%| F|  |TAMS 0x000000070ca00000, 0x000000070ca00000| Untracked 
|  95|0x000000070cc00000, 0x000000070cc00000, 0x000000070ce00000|  0%| F|  |TAMS 0x000000070cc00000, 0x000000070cc00000| Untracked 
|  96|0x000000070ce00000, 0x000000070ce00000, 0x000000070d000000|  0%| F|  |TAMS 0x000000070ce00000, 0x000000070ce00000| Untracked 
|  97|0x000000070d000000, 0x000000070d000000, 0x000000070d200000|  0%| F|  |TAMS 0x000000070d000000, 0x000000070d000000| Untracked 
|  98|0x000000070d200000, 0x000000070d200000, 0x000000070d400000|  0%| F|  |TAMS 0x000000070d200000, 0x000000070d200000| Untracked 
|  99|0x000000070d400000, 0x000000070d400000, 0x000000070d600000|  0%| F|  |TAMS 0x000000070d400000, 0x000000070d400000| Untracked 
| 100|0x000000070d600000, 0x000000070d600000, 0x000000070d800000|  0%| F|  |TAMS 0x000000070d600000, 0x000000070d600000| Untracked 
| 101|0x000000070d800000, 0x000000070d800000, 0x000000070da00000|  0%| F|  |TAMS 0x000000070d800000, 0x000000070d800000| Untracked 
| 102|0x000000070da00000, 0x000000070da00000, 0x000000070dc00000|  0%| F|  |TAMS 0x000000070da00000, 0x000000070da00000| Untracked 
| 103|0x000000070dc00000, 0x000000070dc00000, 0x000000070de00000|  0%| F|  |TAMS 0x000000070dc00000, 0x000000070dc00000| Untracked 
| 104|0x000000070de00000, 0x000000070de00000, 0x000000070e000000|  0%| F|  |TAMS 0x000000070de00000, 0x000000070de00000| Untracked 
| 105|0x000000070e000000, 0x000000070e000000, 0x000000070e200000|  0%| F|  |TAMS 0x000000070e000000, 0x000000070e000000| Untracked 
| 106|0x000000070e200000, 0x000000070e200000, 0x000000070e400000|  0%| F|  |TAMS 0x000000070e200000, 0x000000070e200000| Untracked 
| 107|0x000000070e400000, 0x000000070e400000, 0x000000070e600000|  0%| F|  |TAMS 0x000000070e400000, 0x000000070e400000| Untracked 
| 108|0x000000070e600000, 0x000000070e600000, 0x000000070e800000|  0%| F|  |TAMS 0x000000070e600000, 0x000000070e600000| Untracked 
| 109|0x000000070e800000, 0x000000070e800000, 0x000000070ea00000|  0%| F|  |TAMS 0x000000070e800000, 0x000000070e800000| Untracked 
| 110|0x000000070ea00000, 0x000000070ea00000, 0x000000070ec00000|  0%| F|  |TAMS 0x000000070ea00000, 0x000000070ea00000| Untracked 
| 111|0x000000070ec00000, 0x000000070ec00000, 0x000000070ee00000|  0%| F|  |TAMS 0x000000070ec00000, 0x000000070ec00000| Untracked 
| 112|0x000000070ee00000, 0x000000070ee00000, 0x000000070f000000|  0%| F|  |TAMS 0x000000070ee00000, 0x000000070ee00000| Untracked 
| 113|0x000000070f000000, 0x000000070f000000, 0x000000070f200000|  0%| F|  |TAMS 0x000000070f000000, 0x000000070f000000| Untracked 
| 114|0x000000070f200000, 0x000000070f200000, 0x000000070f400000|  0%| F|  |TAMS 0x000000070f200000, 0x000000070f200000| Untracked 
| 115|0x000000070f400000, 0x000000070f400000, 0x000000070f600000|  0%| F|  |TAMS 0x000000070f400000, 0x000000070f400000| Untracked 
| 116|0x000000070f600000, 0x000000070f7b5028, 0x000000070f800000| 85%| S|CS|TAMS 0x000000070f600000, 0x000000070f600000| Complete 
| 117|0x000000070f800000, 0x000000070fa00000, 0x000000070fa00000|100%| S|CS|TAMS 0x000000070f800000, 0x000000070f800000| Complete 
| 118|0x000000070fa00000, 0x000000070fa00000, 0x000000070fc00000|  0%| F|  |TAMS 0x000000070fa00000, 0x000000070fa00000| Untracked 
| 119|0x000000070fc00000, 0x000000070fc00000, 0x000000070fe00000|  0%| F|  |TAMS 0x000000070fc00000, 0x000000070fc00000| Untracked 
| 120|0x000000070fe00000, 0x000000070fe00000, 0x0000000710000000|  0%| F|  |TAMS 0x000000070fe00000, 0x000000070fe00000| Untracked 
| 121|0x0000000710000000, 0x0000000710000000, 0x0000000710200000|  0%| F|  |TAMS 0x0000000710000000, 0x0000000710000000| Untracked 
| 122|0x0000000710200000, 0x0000000710200000, 0x0000000710400000|  0%| F|  |TAMS 0x0000000710200000, 0x0000000710200000| Untracked 
| 123|0x0000000710400000, 0x0000000710400000, 0x0000000710600000|  0%| F|  |TAMS 0x0000000710400000, 0x0000000710400000| Untracked 
| 124|0x0000000710600000, 0x00000007107c9eb0, 0x0000000710800000| 89%| E|  |TAMS 0x0000000710600000, 0x0000000710600000| Complete 
| 125|0x0000000710800000, 0x0000000710a00000, 0x0000000710a00000|100%| E|CS|TAMS 0x0000000710800000, 0x0000000710800000| Complete 
| 126|0x0000000710a00000, 0x0000000710c00000, 0x0000000710c00000|100%| E|CS|TAMS 0x0000000710a00000, 0x0000000710a00000| Complete 
| 127|0x0000000710c00000, 0x0000000710e00000, 0x0000000710e00000|100%| E|CS|TAMS 0x0000000710c00000, 0x0000000710c00000| Complete 

Card table byte_map: [0x0000013e23080000,0x0000013e23880000] _byte_map_base: 0x0000013e1f879000

Marking Bits (Prev, Next): (CMBitMap*) 0x0000013e0bfad470, (CMBitMap*) 0x0000013e0bfad4b0
 Prev Bits: [0x0000013e24080000, 0x0000013e28048000)
 Next Bits: [0x0000013e28050000, 0x0000013e2c018000)

Polling page: 0x0000013e09ee0000

Metaspace:

Usage:
  Non-class:      5.16 MB used.
      Class:    696.94 KB used.
       Both:      5.84 MB used.

Virtual space:
  Non-class space:        8.00 MB reserved,       5.25 MB ( 66%) committed,  1 nodes.
      Class space:        1.00 GB reserved,     768.00 KB ( <1%) committed,  1 nodes.
             Both:        1.01 GB reserved,       6.00 MB ( <1%) committed. 

Chunk freelists:
   Non-Class:  1.27 MB
       Class:  3.28 MB
        Both:  4.55 MB

MaxMetaspaceSize: unlimited
CompressedClassSpaceSize: 1.00 GB
Initial GC threshold: 21.00 MB
Current GC threshold: 21.00 MB
CDS: on
MetaspaceReclaimPolicy: balanced
 - commit_granule_bytes: 65536.
 - commit_granule_words: 8192.
 - virtual_space_node_default_size: 1048576.
 - enlarge_chunks_in_place: 1.
 - new_chunks_are_fully_committed: 0.
 - uncommit_free_chunks: 1.
 - use_allocation_guard: 0.
 - handle_deallocations: 1.


Internal statistics:

num_allocs_failed_limit: 0.
num_arena_births: 26.
num_arena_deaths: 0.
num_vsnodes_births: 2.
num_vsnodes_deaths: 0.
num_space_committed: 96.
num_space_uncommitted: 0.
num_chunks_returned_to_freelist: 0.
num_chunks_taken_from_freelist: 165.
num_chunk_merges: 0.
num_chunk_splits: 120.
num_chunks_enlarged: 103.
num_purges: 0.
num_inconsistent_stats: 0.

CodeHeap 'non-profiled nmethods': size=120000Kb used=494Kb max_used=494Kb free=119505Kb
 bounds [0x0000013e1b240000, 0x0000013e1b4b0000, 0x0000013e22770000]
CodeHeap 'profiled nmethods': size=120000Kb used=2314Kb max_used=2314Kb free=117685Kb
 bounds [0x0000013e13d10000, 0x0000013e13f80000, 0x0000013e1b240000]
CodeHeap 'non-nmethods': size=5760Kb used=1154Kb max_used=1187Kb free=4606Kb
 bounds [0x0000013e13770000, 0x0000013e139e0000, 0x0000013e13d10000]
 total_blobs=1616 nmethods=1169 adapters=360
 compilation: enabled
              stopped_count=0, restarted_count=0
 full_count=0

Compilation events (20 events):
Event: 0.605 Thread 0x0000013e2e87c8e0 nmethod 1164 0x0000013e1b2bb190 code [0x0000013e1b2bb320, 0x0000013e1b2bb3f8]
Event: 0.605 Thread 0x0000013e2e87c8e0 1167       1       com.google.common.cache.LocalCache$WeakEntry::getHash (5 bytes)
Event: 0.605 Thread 0x0000013e2e87c8e0 nmethod 1167 0x0000013e1b2bb490 code [0x0000013e1b2bb620, 0x0000013e1b2bb6f8]
Event: 0.605 Thread 0x0000013e2e87c8e0 1168       1       com.google.common.cache.LocalCache$StrongValueReference::get (5 bytes)
Event: 0.605 Thread 0x0000013e2e87c8e0 nmethod 1168 0x0000013e1b2bb790 code [0x0000013e1b2bb920, 0x0000013e1b2bb9f8]
Event: 0.605 Thread 0x0000013e2e87c8e0 1169       3       jdk.internal.reflect.ReflectionFactory::copyField (11 bytes)
Event: 0.606 Thread 0x0000013e2e87c8e0 nmethod 1169 0x0000013e13f4fb10 code [0x0000013e13f4fcc0, 0x0000013e13f4fec8]
Event: 0.606 Thread 0x0000013e2e87c8e0 1170       3       java.lang.reflect.ReflectAccess::copyField (5 bytes)
Event: 0.606 Thread 0x0000013e2e87c8e0 nmethod 1170 0x0000013e13f50010 code [0x0000013e13f501c0, 0x0000013e13f50308]
Event: 0.606 Thread 0x0000013e2e87c8e0 1171       3       java.lang.reflect.Field::copy (80 bytes)
Event: 0.606 Thread 0x0000013e2e87c8e0 nmethod 1171 0x0000013e13f50410 code [0x0000013e13f505e0, 0x0000013e13f50a38]
Event: 0.607 Thread 0x0000013e2e87c8e0 1172       3       java.lang.reflect.Field::<init> (50 bytes)
Event: 0.607 Thread 0x0000013e2e87c8e0 nmethod 1172 0x0000013e13f50b90 code [0x0000013e13f50d40, 0x0000013e13f51138]
Event: 0.607 Thread 0x0000013e2e87c8e0 1173       3       com.google.inject.internal.MoreTypes::isFullySpecified (48 bytes)
Event: 0.607 Thread 0x0000013e2e87c8e0 nmethod 1173 0x0000013e13f51210 code [0x0000013e13f51420, 0x0000013e13f51d48]
Event: 0.612 Thread 0x0000013e2e87c8e0 1174       3       java.lang.Character::isLetterOrDigit (5 bytes)
Event: 0.612 Thread 0x0000013e2e87c8e0 nmethod 1174 0x0000013e13f51e90 code [0x0000013e13f52060, 0x0000013e13f52378]
Event: 0.612 Thread 0x0000013e2e87c8e0 1175       3       java.lang.Character::isLetterOrDigit (19 bytes)
Event: 0.613 Thread 0x0000013e2e87c8e0 nmethod 1175 0x0000013e13f52490 code [0x0000013e13f52640, 0x0000013e13f528f8]
Event: 0.613 Thread 0x0000013e2e87c8e0 1176       3       java.nio.charset.CharsetDecoder::flush (49 bytes)

GC Heap History (2 events):
Event: 0.520 GC heap before
{Heap before GC invocations=0 (full 0):
 garbage-first heap   total 262144K, used 20480K [0x0000000700e00000, 0x0000000800000000)
  region size 2048K, 10 young (20480K), 0 survivors (0K)
 Metaspace       used 5611K, committed 5760K, reserved 1056768K
  class space    used 639K, committed 704K, reserved 1048576K
}
Event: 0.523 GC heap after
{Heap after GC invocations=1 (full 0):
 garbage-first heap   total 262144K, used 3796K [0x0000000700e00000, 0x0000000800000000)
  region size 2048K, 2 young (4096K), 2 survivors (4096K)
 Metaspace       used 5611K, committed 5760K, reserved 1056768K
  class space    used 639K, committed 704K, reserved 1048576K
}

Deoptimization events (20 events):
Event: 0.513 Thread 0x0000013e0bf5e8e0 DEOPT PACKING pc=0x0000013e1b296ae8 sp=0x00000037d30fda50
Event: 0.513 Thread 0x0000013e0bf5e8e0 DEOPT UNPACKING pc=0x0000013e137c23a3 sp=0x00000037d30fd9a8 mode 2
Event: 0.530 Thread 0x0000013e0bf5e8e0 Uncommon trap: trap_request=0xffffff45 fr.pc=0x0000013e1b29cb58 relative=0x00000000000019d8
Event: 0.530 Thread 0x0000013e0bf5e8e0 Uncommon trap: reason=unstable_if action=reinterpret pc=0x0000013e1b29cb58 method=sun.nio.cs.StreamDecoder.implRead([CII)I @ 71 c2
Event: 0.530 Thread 0x0000013e0bf5e8e0 DEOPT PACKING pc=0x0000013e1b29cb58 sp=0x00000037d30fd3e0
Event: 0.530 Thread 0x0000013e0bf5e8e0 DEOPT UNPACKING pc=0x0000013e137c23a3 sp=0x00000037d30fd1f8 mode 2
Event: 0.532 Thread 0x0000013e0bf5e8e0 Uncommon trap: trap_request=0xffffff45 fr.pc=0x0000013e1b2a1630 relative=0x0000000000001530
Event: 0.532 Thread 0x0000013e0bf5e8e0 Uncommon trap: reason=unstable_if action=reinterpret pc=0x0000013e1b2a1630 method=sun.nio.cs.StreamDecoder.implRead([CII)I @ 197 c2
Event: 0.532 Thread 0x0000013e0bf5e8e0 DEOPT PACKING pc=0x0000013e1b2a1630 sp=0x00000037d30fd5f0
Event: 0.532 Thread 0x0000013e0bf5e8e0 DEOPT UNPACKING pc=0x0000013e137c23a3 sp=0x00000037d30fd228 mode 2
Event: 0.536 Thread 0x0000013e0bf5e8e0 DEOPT PACKING pc=0x0000013e13d75ff4 sp=0x00000037d30fd740
Event: 0.536 Thread 0x0000013e0bf5e8e0 DEOPT UNPACKING pc=0x0000013e137c2b43 sp=0x00000037d30fcbf0 mode 0
Event: 0.577 Thread 0x0000013e0bf5e8e0 Uncommon trap: trap_request=0xffffff45 fr.pc=0x0000013e1b2ad6b4 relative=0x0000000000000b54
Event: 0.577 Thread 0x0000013e0bf5e8e0 Uncommon trap: reason=unstable_if action=reinterpret pc=0x0000013e1b2ad6b4 method=sun.nio.cs.StreamDecoder.read0()I @ 39 c2
Event: 0.577 Thread 0x0000013e0bf5e8e0 DEOPT PACKING pc=0x0000013e1b2ad6b4 sp=0x00000037d30fd7e0
Event: 0.577 Thread 0x0000013e0bf5e8e0 DEOPT UNPACKING pc=0x0000013e137c23a3 sp=0x00000037d30fd568 mode 2
Event: 0.579 Thread 0x0000013e0bf5e8e0 Uncommon trap: trap_request=0xffffff45 fr.pc=0x0000013e1b2a8f6c relative=0x0000000000000e2c
Event: 0.579 Thread 0x0000013e0bf5e8e0 Uncommon trap: reason=unstable_if action=reinterpret pc=0x0000013e1b2a8f6c method=sun.nio.cs.StreamDecoder.read0()I @ 39 c2
Event: 0.579 Thread 0x0000013e0bf5e8e0 DEOPT PACKING pc=0x0000013e1b2a8f6c sp=0x00000037d30fd6b0
Event: 0.579 Thread 0x0000013e0bf5e8e0 DEOPT UNPACKING pc=0x0000013e137c23a3 sp=0x00000037d30fd630 mode 2

Classes unloaded (0 events):
No events

Classes redefined (0 events):
No events

Internal exceptions (5 events):
Event: 0.075 Thread 0x0000013e2f57e600 Exception <a 'java/lang/NoSuchMethodError'{0x0000000710a6b5a0}: 'java.lang.Object java.lang.invoke.DirectMethodHandle$Holder.invokeStaticInit(java.lang.Object)'> (0x0000000710a6b5a0) 
thrown [t:\workspace\open\src\hotspot\share\interpreter\linkResolver.cpp, line 766]
Event: 0.082 Thread 0x0000013e2f57e600 Exception <a 'java/lang/NoSuchMethodError'{0x0000000710a792e0}: 'void java.lang.invoke.DirectMethodHandle$Holder.invokeStatic(java.lang.Object, java.lang.Object)'> (0x0000000710a792e0) 
thrown [t:\workspace\open\src\hotspot\share\interpreter\linkResolver.cpp, line 766]
Event: 0.151 Thread 0x0000013e0bf5e8e0 Exception <a 'java/lang/NoSuchMethodError'{0x000000071096b4b0}: 'java.lang.Object java.lang.invoke.DirectMethodHandle$Holder.invokeStaticInit(java.lang.Object, int, int, int, int)'> (0x000000071096b4b0) 
thrown [t:\workspace\open\src\hotspot\share\interpreter\linkResolver.cpp, line 766]
Event: 0.190 Thread 0x0000013e0bf5e8e0 Exception <a 'java/lang/NoSuchMethodError'{0x0000000710643930}: 'java.lang.Object java.lang.invoke.DirectMethodHandle$Holder.invokeStaticInit(java.lang.Object, java.lang.Object, int, int, int, int)'> (0x0000000710643930) 
thrown [t:\workspace\open\src\hotspot\share\interpreter\linkResolver.cpp, line 766]
Event: 0.453 Thread 0x0000013e0bf5e8e0 Exception <a 'java/lang/NoSuchMethodError'{0x000000070fd06dd8}: 'java.lang.Object java.lang.invoke.DirectMethodHandle$Holder.newInvokeSpecial(java.lang.Object, java.lang.Object, java.lang.Object, java.lang.Object, java.lang.Object)'> (0x000000070fd06dd8) 
thrown [t:\workspace\open\src\hotspot\share\interpreter\linkResolver.cpp, line 766]

VM Operations (14 events):
Event: 0.047 Executing VM operation: HandshakeAllThreads
Event: 0.047 Executing VM operation: HandshakeAllThreads done
Event: 0.074 Executing VM operation: HandshakeAllThreads
Event: 0.074 Executing VM operation: HandshakeAllThreads done
Event: 0.131 Executing VM operation: HandshakeAllThreads
Event: 0.131 Executing VM operation: HandshakeAllThreads done
Event: 0.193 Executing VM operation: HandshakeAllThreads
Event: 0.193 Executing VM operation: HandshakeAllThreads done
Event: 0.238 Executing VM operation: HandshakeAllThreads
Event: 0.238 Executing VM operation: HandshakeAllThreads done
Event: 0.481 Executing VM operation: ICBufferFull
Event: 0.481 Executing VM operation: ICBufferFull done
Event: 0.519 Executing VM operation: G1CollectForAllocation
Event: 0.523 Executing VM operation: G1CollectForAllocation done

Events (20 events):
Event: 0.487 loading class sun/reflect/generics/tree/Signature done
Event: 0.487 loading class sun/reflect/generics/tree/ClassSignature done
Event: 0.487 loading class java/lang/reflect/TypeVariable
Event: 0.487 loading class java/lang/reflect/TypeVariable done
Event: 0.487 loading class java/lang/reflect/WildcardType
Event: 0.487 loading class java/lang/reflect/WildcardType done
Event: 0.489 loading class sun/reflect/generics/tree/TypeVariableSignature
Event: 0.489 loading class sun/reflect/generics/tree/TypeVariableSignature done
Event: 0.495 loading class java/lang/annotation/IncompleteAnnotationException
Event: 0.495 loading class java/lang/annotation/IncompleteAnnotationException done
Event: 0.538 loading class jdk/internal/access/foreign/MemorySegmentProxy
Event: 0.538 loading class jdk/internal/access/foreign/MemorySegmentProxy done
Event: 0.584 loading class sun/reflect/generics/reflectiveObjects/TypeVariableImpl
Event: 0.584 loading class sun/reflect/generics/reflectiveObjects/LazyReflectiveObjectGenerator
Event: 0.584 loading class sun/reflect/generics/reflectiveObjects/LazyReflectiveObjectGenerator done
Event: 0.584 loading class sun/reflect/generics/reflectiveObjects/TypeVariableImpl done
Event: 0.584 loading class sun/reflect/generics/reflectiveObjects/ParameterizedTypeImpl
Event: 0.584 loading class sun/reflect/generics/reflectiveObjects/ParameterizedTypeImpl done
Event: 0.584 loading class sun/reflect/misc/ReflectUtil
Event: 0.584 loading class sun/reflect/misc/ReflectUtil done


Dynamic libraries:
0x00007ff608b00000 - 0x00007ff608b10000 	C:\Program Files\Java\jdk-17\bin\java.exe
0x00007ffc745b0000 - 0x00007ffc747a5000 	C:\Windows\SYSTEM32\ntdll.dll
0x00007ffc740b0000 - 0x00007ffc7416e000 	C:\Windows\System32\KERNEL32.DLL
0x00007ffc722a0000 - 0x00007ffc72568000 	C:\Windows\System32\KERNELBASE.dll
0x00007ffc71f80000 - 0x00007ffc72080000 	C:\Windows\System32\ucrtbase.dll
0x00007ffc69540000 - 0x00007ffc69558000 	C:\Program Files\Java\jdk-17\bin\jli.dll
0x00007ffc6b620000 - 0x00007ffc6b63a000 	C:\Program Files\Java\jdk-17\bin\VCRUNTIME140.dll
0x00007ffc73de0000 - 0x00007ffc73e8c000 	C:\Windows\System32\ADVAPI32.dll
0x00007ffc73a90000 - 0x00007ffc73b2e000 	C:\Windows\System32\msvcrt.dll
0x00007ffc73e90000 - 0x00007ffc73f2b000 	C:\Windows\System32\sechost.dll
0x00007ffc73b30000 - 0x00007ffc73c5a000 	C:\Windows\System32\RPCRT4.dll
0x00007ffc72970000 - 0x00007ffc72b11000 	C:\Windows\System32\USER32.dll
0x00007ffc50b30000 - 0x00007ffc50dca000 	C:\Windows\WinSxS\amd64_microsoft.windows.common-controls_6595b64144ccf1df_6.0.19041.1110_none_60b5254171f9507e\COMCTL32.dll
0x00007ffc720e0000 - 0x00007ffc72102000 	C:\Windows\System32\win32u.dll
0x00007ffc74170000 - 0x00007ffc7419b000 	C:\Windows\System32\GDI32.dll
0x00007ffc71e70000 - 0x00007ffc71f7b000 	C:\Windows\System32\gdi32full.dll
0x00007ffc69620000 - 0x00007ffc6962a000 	C:\Windows\SYSTEM32\VERSION.dll
0x00007ffc71cd0000 - 0x00007ffc71d6d000 	C:\Windows\System32\msvcp_win.dll
0x00007ffc73f30000 - 0x00007ffc73f60000 	C:\Windows\System32\IMM32.DLL
0x00007ffc69530000 - 0x00007ffc6953c000 	C:\Program Files\Java\jdk-17\bin\vcruntime140_1.dll
0x00007ffc5ec90000 - 0x00007ffc5ed1d000 	C:\Program Files\Java\jdk-17\bin\msvcp140.dll
0x00007ffc1e2f0000 - 0x00007ffc1eeae000 	C:\Program Files\Java\jdk-17\bin\server\jvm.dll
0x00007ffc72b20000 - 0x00007ffc72b28000 	C:\Windows\System32\PSAPI.DLL
0x00007ffc5e660000 - 0x00007ffc5e669000 	C:\Windows\SYSTEM32\WSOCK32.dll
0x00007ffc69500000 - 0x00007ffc69527000 	C:\Windows\SYSTEM32\WINMM.dll
0x00007ffc74500000 - 0x00007ffc7456b000 	C:\Windows\System32\WS2_32.dll
0x00007ffc6fad0000 - 0x00007ffc6fae2000 	C:\Windows\SYSTEM32\kernel.appcore.dll
0x00007ffc66460000 - 0x00007ffc6646a000 	C:\Program Files\Java\jdk-17\bin\jimage.dll
0x00007ffc65b60000 - 0x00007ffc65d44000 	C:\Windows\SYSTEM32\DBGHELP.DLL
0x00007ffc65860000 - 0x00007ffc6588c000 	C:\Windows\SYSTEM32\dbgcore.DLL
0x00007ffc72570000 - 0x00007ffc725f3000 	C:\Windows\System32\bcryptPrimitives.dll
0x00007ffc66200000 - 0x00007ffc6620e000 	C:\Program Files\Java\jdk-17\bin\instrument.dll
0x00007ffc65300000 - 0x00007ffc65325000 	C:\Program Files\Java\jdk-17\bin\java.dll
0x00007ffc5e8b0000 - 0x00007ffc5e986000 	C:\Program Files\Java\jdk-17\bin\svml.dll
0x00007ffc73350000 - 0x00007ffc73a8f000 	C:\Windows\System32\SHELL32.dll
0x00007ffc6fdb0000 - 0x00007ffc70540000 	C:\Windows\SYSTEM32\windows.storage.dll
0x00007ffc741a0000 - 0x00007ffc744f5000 	C:\Windows\System32\combase.dll
0x00007ffc71640000 - 0x00007ffc7166e000 	C:\Windows\SYSTEM32\Wldp.dll
0x00007ffc73d30000 - 0x00007ffc73ddd000 	C:\Windows\System32\SHCORE.dll
0x00007ffc72600000 - 0x00007ffc72655000 	C:\Windows\System32\shlwapi.dll
0x00007ffc71c10000 - 0x00007ffc71c2f000 	C:\Windows\SYSTEM32\profapi.dll
0x00007ffc604c0000 - 0x00007ffc604d8000 	C:\Program Files\Java\jdk-17\bin\zip.dll
0x00007ffc5f530000 - 0x00007ffc5f549000 	C:\Program Files\Java\jdk-17\bin\net.dll
0x00007ffc6a770000 - 0x00007ffc6a87c000 	C:\Windows\SYSTEM32\WINHTTP.dll
0x00007ffc71420000 - 0x00007ffc7148a000 	C:\Windows\system32\mswsock.dll
0x00007ffc5f510000 - 0x00007ffc5f525000 	C:\Program Files\Java\jdk-17\bin\nio.dll
0x00007ffc5f3c0000 - 0x00007ffc5f3da000 	C:\Program Files\JetBrains\IntelliJ IDEA Community Edition 2021.2.2\bin\breakgen64.dll
0x00007ffc652f0000 - 0x00007ffc65300000 	C:\Program Files\Java\jdk-17\bin\verify.dll
0x00007ffc71680000 - 0x00007ffc71698000 	C:\Windows\SYSTEM32\CRYPTSP.dll
0x00007ffc70d50000 - 0x00007ffc70d84000 	C:\Windows\system32\rsaenh.dll
0x00007ffc72110000 - 0x00007ffc72137000 	C:\Windows\System32\bcrypt.dll
0x00007ffc71bd0000 - 0x00007ffc71bfe000 	C:\Windows\SYSTEM32\USERENV.dll
0x00007ffc715b0000 - 0x00007ffc715bc000 	C:\Windows\SYSTEM32\CRYPTBASE.dll
0x00007ffc710e0000 - 0x00007ffc7111b000 	C:\Windows\SYSTEM32\IPHLPAPI.DLL
0x00007ffc72bf0000 - 0x00007ffc72bf8000 	C:\Windows\System32\NSI.dll
0x00007ffc6c070000 - 0x00007ffc6c087000 	C:\Windows\SYSTEM32\dhcpcsvc6.DLL
0x00007ffc6c050000 - 0x00007ffc6c06d000 	C:\Windows\SYSTEM32\dhcpcsvc.DLL
0x00007ffc71120000 - 0x00007ffc711eb000 	C:\Windows\SYSTEM32\DNSAPI.dll
0x00007ffc5f660000 - 0x00007ffc5f66a000 	C:\Users\Carlos\AppData\Local\Temp\jansi-1.17.1-466114246573189743.dll
0x00007ffc5f5c0000 - 0x00007ffc5f5ca000 	C:\Users\Carlos\AppData\Local\Temp\jansi-1.17.1-5678063118493164542.dll

dbghelp: loaded successfully - version: 4.0.5 - missing functions: none
symbol engine: initialized successfully - sym options: 0x614 - pdb path: .;C:\Program Files\Java\jdk-17\bin;C:\Windows\SYSTEM32;C:\Windows\WinSxS\amd64_microsoft.windows.common-controls_6595b64144ccf1df_6.0.19041.1110_none_60b5254171f9507e;C:\Program Files\Java\jdk-17\bin\server;C:\Program Files\JetBrains\IntelliJ IDEA Community Edition 2021.2.2\bin;C:\Users\Carlos\AppData\Local\Temp

VM Arguments:
jvm_args: -Dmaven.multiModuleProjectDirectory=C:\Users\Carlos\Desktop\GasApp-Backend\GasApp -Dmaven.home=C:\Program Files\JetBrains\IntelliJ IDEA Community Edition 2021.2.2\plugins\maven\lib\maven3 -Dclassworlds.conf=C:\Program Files\JetBrains\IntelliJ IDEA Community Edition 2021.2.2\plugins\maven\lib\maven3\bin\m2.conf -Dmaven.ext.class.path=C:\Program Files\JetBrains\IntelliJ IDEA Community Edition 2021.2.2\plugins\maven\lib\maven-event-listener.jar -javaagent:C:\Program Files\JetBrains\IntelliJ IDEA Community Edition 2021.2.2\lib\idea_rt.jar=51854:C:\Program Files\JetBrains\IntelliJ IDEA Community Edition 2021.2.2\bin -Dfile.encoding=UTF-8 
java_command: org.codehaus.classworlds.Launcher -Didea.version=2021.2.2 org.springframework.boot:spring-boot-maven-plugin:2.6.1:run
java_class_path (initial): C:\Program Files\JetBrains\IntelliJ IDEA Community Edition 2021.2.2\plugins\maven\lib\maven3\boot\plexus-classworlds-2.6.0.jar;C:\Program Files\JetBrains\IntelliJ IDEA Community Edition 2021.2.2\plugins\maven\lib\maven3\boot\plexus-classworlds.license
Launcher Type: SUN_STANDARD

[Global flags]
     intx CICompilerCount                          = 3                                         {product} {ergonomic}
     uint ConcGCThreads                            = 2                                         {product} {ergonomic}
     uint G1ConcRefinementThreads                  = 6                                         {product} {ergonomic}
   size_t G1HeapRegionSize                         = 2097152                                   {product} {ergonomic}
    uintx GCDrainStackTargetSize                   = 64                                        {product} {ergonomic}
   size_t InitialHeapSize                          = 268435456                                 {product} {ergonomic}
   size_t MarkStackSize                            = 4194304                                   {product} {ergonomic}
   size_t MaxHeapSize                              = 4280287232                                {product} {ergonomic}
   size_t MaxNewSize                               = 2566914048                                {product} {ergonomic}
   size_t MinHeapDeltaBytes                        = 2097152                                   {product} {ergonomic}
   size_t MinHeapSize                              = 8388608                                   {product} {ergonomic}
    uintx NonNMethodCodeHeapSize                   = 5832780                                {pd product} {ergonomic}
    uintx NonProfiledCodeHeapSize                  = 122912730                              {pd product} {ergonomic}
    uintx ProfiledCodeHeapSize                     = 122912730                              {pd product} {ergonomic}
    uintx ReservedCodeCacheSize                    = 251658240                              {pd product} {ergonomic}
     bool SegmentedCodeCache                       = true                                      {product} {ergonomic}
   size_t SoftMaxHeapSize                          = 4280287232                             {manageable} {ergonomic}
     bool UseCompressedClassPointers               = true                           {product lp64_product} {ergonomic}
     bool UseCompressedOops                        = true                           {product lp64_product} {ergonomic}
     bool UseG1GC                                  = true                                      {product} {ergonomic}
     bool UseLargePagesIndividualAllocation        = false                                  {pd product} {ergonomic}

Logging:
Log output configuration:
 #0: stdout all=warning uptime,level,tags
 #1: stderr all=off uptime,level,tags

Environment Variables:
PATH=C:\Program Files\Common Files\Oracle\Java\javapath;C:\Windows\system32;C:\Windows;C:\Windows\System32\Wbem;C:\Windows\System32\WindowsPowerShell\v1.0\;C:\Windows\System32\OpenSSH\;C:\Program Files\Git\cmd;C:\Program Files\nodejs\;C:\apache-maven-3.8.3\bin;;C:\Program Files\Docker\Docker\resources\bin;C:\ProgramData\DockerDesktop\version-bin;C:\Users\Carlos\AppData\Local\Microsoft\WindowsApps;;C:\Users\Carlos\AppData\Local\Programs\Microsoft VS Code\bin;C:\Users\Carlos\AppData\Roaming\npm
USERNAME=Carlos
OS=Windows_NT
PROCESSOR_IDENTIFIER=Intel64 Family 6 Model 158 Stepping 10, GenuineIntel



---------------  S Y S T E M  ---------------

OS:
 Windows 10 , 64 bit Build 19041 (10.0.19041.1348)
OS uptime: 5 days 23:07 hours
Hyper-V role detected

CPU: total 6 (initial active 6) (6 cores per cpu, 1 threads per core) family 6 model 158 stepping 10 microcode 0xb4, cx8, cmov, fxsr, mmx, 3dnowpref, sse, sse2, sse3, ssse3, sse4.1, sse4.2, popcnt, lzcnt, tsc, tscinvbit, avx, avx2, aes, erms, clmul, bmi1, bmi2, adx, fma, vzeroupper, clflush, clflushopt, hv

Memory: 4k page, system-wide physical 16326M (6530M free)
TotalPageFile size 18758M (AvailPageFile size 5394M)
current process WorkingSet (physical memory assigned to process): 80M, peak: 80M
current process commit charge ("private bytes"): 357M, peak: 358M

vm_info: Java HotSpot(TM) 64-Bit Server VM (17+35-LTS-2724) for windows-amd64 JRE (17+35-LTS-2724), built on Aug  5 2021 23:28:28 by "mach5one" with MS VC++ 16.8 (VS2019)

END.
